<?xml version="1.0" encoding="UTF-8"?>
<!-- Generated by org.testng.reporters.JUnitReportReporter -->
<testsuite hostname="DESKTOP-K5JN5AK" failures="0" tests="1" name="pageObject_Student.Student_Id" time="0.869" errors="0" timestamp="2022-10-28T03:13:56 PDT" skipped="0">
  <testcase classname="pageObject_Student.Student_Id" name="excel" time="0.869"/>
  <system-out/>
</testsuite> <!-- pageObject_Student.Student_Id -->
