<?xml version="1.0" encoding="UTF-8"?>
<!-- Generated by org.testng.reporters.JUnitReportReporter -->
<testsuite hostname="DESKTOP-K5JN5AK" failures="0" tests="1" name="maplogk.admin.test.AdminLogin_TestCase" time="24.180" errors="0" timestamp="2022-10-29T03:16:20 PDT" skipped="0">
  <testcase classname="maplogk.admin.test.AdminLogin_TestCase" name="drivers" time="24.180"/>
  <system-out/>
</testsuite> <!-- maplogk.admin.test.AdminLogin_TestCase -->
