<?xml version="1.0" encoding="UTF-8"?>
<!-- Generated by org.testng.reporters.JUnitReportReporter -->
<testsuite hostname="DESKTOP-K5JN5AK" failures="0" tests="1" name="pageObject_Student.student_OTP" time="0.059" errors="0" timestamp="2022-10-28T03:36:16 PDT" skipped="0">
  <testcase classname="pageObject_Student.student_OTP" name="date" time="0.059"/>
  <system-out/>
</testsuite> <!-- pageObject_Student.student_OTP -->
