<?xml version="1.0" encoding="UTF-8"?>
<!-- Generated by org.testng.reporters.JUnitReportReporter -->
<testsuite hostname="DESKTOP-K5JN5AK" failures="0" tests="3" name="testCaseMapLogik.finalTestCase" time="37.365" errors="0" timestamp="2022-10-29T03:59:55 PDT" skipped="0">
  <testcase classname="testCaseMapLogik.finalTestCase" name="StudentPageFirst" time="15.714"/>
  <system-out/>
  <testcase classname="testCaseMapLogik.finalTestCase" name="AdminPage" time="15.719"/>
  <system-out/>
  <testcase classname="testCaseMapLogik.finalTestCase" name="StudentPageSecond" time="5.932"/>
  <system-out/>
</testsuite> <!-- testCaseMapLogik.finalTestCase -->
