<?xml version="1.0" encoding="UTF-8"?>
<!-- Generated by org.testng.reporters.JUnitReportReporter -->
<testsuite hostname="DESKTOP-K5JN5AK" failures="0" tests="1" name="maplogk.admin.test.Login_TestCase" time="15.384" errors="0" timestamp="2022-10-15T08:22:53 PDT" skipped="0">
  <testcase classname="maplogk.admin.test.Login_TestCase" name="drivers" time="15.384"/>
  <system-out/>
</testsuite> <!-- maplogk.admin.test.Login_TestCase -->
