<?xml version="1.0" encoding="UTF-8"?>
<!-- Generated by org.testng.reporters.JUnitReportReporter -->
<testsuite hostname="DESKTOP-K5JN5AK" failures="0" tests="6" name="Example" time="0.031" errors="0" timestamp="2022-10-14T22:37:02 PDT" skipped="0">
  <testcase classname="Example" name="Car" time="0.014"/>
  <system-out/>
  <testcase classname="Example" name="Carfirst" time="0.002"/>
  <system-out/>
  <testcase classname="Example" name="Carsecond" time="0.004"/>
  <system-out/>
  <testcase classname="Example" name="Carthird" time="0.001"/>
  <system-out/>
  <testcase classname="Example" name="Carfourth" time="0.003"/>
  <system-out/>
  <testcase classname="Example" name="Example1" time="0.007"/>
  <system-out/>
</testsuite> <!-- Example -->
