<?xml version="1.0" encoding="UTF-8"?>
<!-- Generated by org.testng.reporters.JUnitReportReporter -->
<testsuite hostname="DESKTOP-K5JN5AK" failures="0" tests="1" name="maplogk.admin.test.AdminLogin_TestCase2" time="22.024" errors="0" timestamp="2022-10-29T03:20:30 PDT" skipped="0">
  <testcase classname="maplogk.admin.test.AdminLogin_TestCase2" name="drivers" time="22.024"/>
  <system-out/>
</testsuite> <!-- maplogk.admin.test.AdminLogin_TestCase2 -->
