<?xml version="1.0" encoding="UTF-8"?>
<!-- Generated by org.testng.reporters.JUnitReportReporter -->
<testsuite hostname="DESKTOP-K5JN5AK" failures="0" tests="3" name="maplogk.admin.test.StudentLogin_TestCase" time="35.743" errors="0" timestamp="2022-10-29T05:08:04 PDT" skipped="0">
  <testcase classname="maplogk.admin.test.StudentLogin_TestCase" name="StudentPageFirst" time="16.245"/>
  <system-out/>
  <testcase classname="maplogk.admin.test.StudentLogin_TestCase" name="AdminPage" time="13.643"/>
  <system-out/>
  <testcase classname="maplogk.admin.test.StudentLogin_TestCase" name="StudentPageSecond" time="5.855"/>
  <system-out/>
</testsuite> <!-- maplogk.admin.test.StudentLogin_TestCase -->
