<?xml version="1.0" encoding="UTF-8"?>
<!-- Generated by org.testng.reporters.JUnitReportReporter -->
<testsuite hostname="DESKTOP-K5JN5AK" failures="0" tests="1" name="com.maplogik.admin.Admin_Login" time="14.873" errors="0" timestamp="2022-10-15T05:48:58 PDT" skipped="0">
  <testcase classname="com.maplogik.admin.Admin_Login" name="Maplogik_Login" time="14.873"/>
  <system-out/>
</testsuite> <!-- com.maplogik.admin.Admin_Login -->
