<?xml version="1.0" encoding="UTF-8"?>
<!-- Generated by org.testng.reporters.JUnitReportReporter -->
<testsuite hostname="DESKTOP-K5JN5AK" failures="0" tests="6" name="testNG.EnableExample" time="0.018" errors="0" timestamp="2022-09-22T13:17:06 PDT" skipped="1">
  <testcase classname="testNG.EnableExample" name="Car" time="0.007"/>
  <system-out/>
  <testcase classname="testNG.EnableExample" name="Carfirst" time="0.003"/>
  <system-out/>
  <testcase classname="testNG.EnableExample" name="Carsecond" time="0.002"/>
  <system-out/>
  <testcase classname="testNG.EnableExample" name="Carthird" time="0.003"/>
  <system-out/>
  <testcase classname="testNG.EnableExample" name="Carfourth" time="0.003"/>
  <system-out/>
  <testcase classname="testNG.EnableExample" name="Cartopspeed">
    <skipped/>
  </testcase> <!-- Cartopspeed -->
  <system-out/>
</testsuite> <!-- testNG.EnableExample -->
