<?xml version="1.0" encoding="UTF-8"?>
<!-- Generated by org.testng.reporters.JUnitReportReporter -->
<testsuite hostname="DESKTOP-K5JN5AK" failures="0" tests="1" name="testNG.TestNG_TestCaseExample" time="0.008" errors="0" timestamp="2022-09-21T06:53:12 PDT" skipped="0">
  <testcase classname="testNG.TestNG_TestCaseExample" name="firstTestCase" time="0.008"/>
  <system-out/>
</testsuite> <!-- testNG.TestNG_TestCaseExample -->
