<?xml version="1.0" encoding="UTF-8"?>
<!-- Generated by org.testng.reporters.JUnitReportReporter -->
<testsuite hostname="DESKTOP-K5JN5AK" failures="0" tests="3" name="testNG.dependsOnMethodExample" time="0.010" errors="0" timestamp="2022-08-26T09:33:09 PDT" skipped="0">
  <testcase classname="testNG.dependsOnMethodExample" name="highSchool" time="0.007"/>
  <system-out/>
  <testcase classname="testNG.dependsOnMethodExample" name="college" time="0.001"/>
  <system-out/>
  <testcase classname="testNG.dependsOnMethodExample" name="highersecondarySchool" time="0.002"/>
  <system-out/>
</testsuite> <!-- testNG.dependsOnMethodExample -->
