<?xml version="1.0" encoding="UTF-8"?>
<!-- Generated by org.testng.reporters.JUnitReportReporter -->
<testsuite hostname="DESKTOP-K5JN5AK" failures="0" tests="5" name="testNG.PriorityOrderExample" time="0.018" errors="0" timestamp="2022-09-21T07:31:31 PDT" skipped="0">
  <testcase classname="testNG.PriorityOrderExample" name="Car" time="0.008"/>
  <system-out/>
  <testcase classname="testNG.PriorityOrderExample" name="Carfirst" time="0.002"/>
  <system-out/>
  <testcase classname="testNG.PriorityOrderExample" name="Carsecond" time="0.002"/>
  <system-out/>
  <testcase classname="testNG.PriorityOrderExample" name="Carthird" time="0.005"/>
  <system-out/>
  <testcase classname="testNG.PriorityOrderExample" name="Carfourth" time="0.001"/>
  <system-out/>
</testsuite> <!-- testNG.PriorityOrderExample -->
