<?xml version="1.0" encoding="UTF-8"?>
<!-- Generated by org.testng.reporters.JUnitReportReporter -->
<testsuite hostname="DESKTOP-K5JN5AK" failures="0" tests="3" name="testNG.SampleTestCase" time="0.010" errors="0" timestamp="2022-08-26T08:52:55 PDT" skipped="0">
  <testcase classname="testNG.SampleTestCase" name="firstTestCase" time="0.007"/>
  <system-out/>
  <testcase classname="testNG.SampleTestCase" name="secondTestCase" time="0.002"/>
  <system-out/>
  <testcase classname="testNG.SampleTestCase" name="thirdTestCase" time="0.001"/>
  <system-out/>
</testsuite> <!-- testNG.SampleTestCase -->
