<?xml version="1.0" encoding="UTF-8"?>
<!-- Generated by org.testng.reporters.JUnitReportReporter -->
<testsuite hostname="DESKTOP-K5JN5AK" failures="0" tests="3" name="testNG.SuiteExample" time="7.867" errors="0" timestamp="2022-08-27T01:28:24 PDT" skipped="0">
  <testcase classname="testNG.SuiteExample" name="openGoogle" time="3.301"/>
  <system-out/>
  <testcase classname="testNG.SuiteExample" name="openBing" time="1.413"/>
  <system-out/>
  <testcase classname="testNG.SuiteExample" name="openYahoo" time="3.153"/>
  <system-out/>
</testsuite> <!-- testNG.SuiteExample -->
