<?xml version="1.0" encoding="UTF-8"?>
<!-- Generated by org.testng.reporters.JUnitReportReporter -->
<testsuite hostname="DESKTOP-K5JN5AK" failures="0" tests="1" name="testNG.AssertionExample" time="0.011" errors="0" timestamp="2022-09-22T18:40:40 PDT" skipped="0">
  <testcase classname="testNG.AssertionExample" name="equals" time="0.011"/>
  <system-out/>
</testsuite> <!-- testNG.AssertionExample -->
