<?xml version="1.0" encoding="UTF-8"?>
<!-- Generated by org.testng.reporters.JUnitReportReporter -->
<testsuite hostname="DESKTOP-K5JN5AK" failures="0" tests="2" name="com.adm.TestNG.testNgAnnotation" time="0.009" errors="0" timestamp="2022-09-15T12:24:04 PDT" skipped="0">
  <testcase classname="com.adm.TestNG.testNgAnnotation" name="testcase2" time="0.003"/>
  <system-out/>
  <testcase classname="com.adm.TestNG.testNgAnnotation" name="testcase1" time="0.006"/>
  <system-out/>
</testsuite> <!-- com.adm.TestNG.testNgAnnotation -->
